<?xml version="1.0" encoding="UTF-8" ?>
<testsuite errors="0" failures="0" hostname="MacBook-Air-de-Michele.local" name="com.grailsinaction.UserIntegrationTests" tests="1" time="0.031" timestamp="2012-08-07T20:01:17">
  <properties />
  <testcase classname="com.grailsinaction.UserIntegrationTests" name="testFollowing" time="0.031" />
  <system-out><![CDATA[--Output from testFollowing--
]]></system-out>
  <system-err><![CDATA[--Output from testFollowing--
]]></system-err>
</testsuite>
