<?xml version="1.0" encoding="UTF-8" ?>
<testsuite errors="0" failures="0" hostname="MacBook-Air-de-Michele.local" name="com.grailsinaction.ProfileControllerTests" tests="1" time="0.026" timestamp="2012-08-07T20:01:02">
  <properties />
  <testcase classname="com.grailsinaction.ProfileControllerTests" name="testSomething" time="0.021" />
  <system-out><![CDATA[--Output from testSomething--
]]></system-out>
  <system-err><![CDATA[--Output from testSomething--
]]></system-err>
</testsuite>
