<?xml version="1.0" encoding="UTF-8" ?>
<testsuite errors="0" failures="0" hostname="MacBook-Air-de-Michele.local" name="com.grailsinaction.QueryIntegrationTests" tests="2" time="0.228" timestamp="2012-08-07T20:01:17">
  <properties />
  <testcase classname="com.grailsinaction.QueryIntegrationTests" name="testBasicDynamicFinders" time="0.184" />
  <testcase classname="com.grailsinaction.QueryIntegrationTests" name="testQueryByExample" time="0.04" />
  <system-out><![CDATA[--Output from testBasicDynamicFinders--
--Output from testQueryByExample--
]]></system-out>
  <system-err><![CDATA[--Output from testBasicDynamicFinders--
--Output from testQueryByExample--
]]></system-err>
</testsuite>
