<?xml version="1.0" encoding="UTF-8" ?>
<testsuite errors="0" failures="0" hostname="MacBook-Air-de-Michele.local" name="com.grailsinaction.UserIntegrationTests" tests="1" time="0.053" timestamp="2012-08-05T18:55:55">
  <properties />
  <testcase classname="com.grailsinaction.UserIntegrationTests" name="testFollowing" time="0.05" />
  <system-out><![CDATA[--Output from testFollowing--
]]></system-out>
  <system-err><![CDATA[--Output from testFollowing--
]]></system-err>
</testsuite>
